<?xml version="1.0" encoding="UTF-8"?>
<!-- Generated by org.testng.reporters.JUnitReportReporter -->
<testsuite skipped="0" hostname="DESKTOP-VI69P7C" name="com.MS.qa.testcases.MyAccountPageTest" tests="6" failures="0" timestamp="27 May 2019 18:09:56 GMT" time="103.730" errors="0">
  <testcase name="verifyMyAccountPageTitletest" time="14.428" classname="com.MS.qa.testcases.MyAccountPageTest"/>
  <testcase name="validateFooterTest" time="17.118" classname="com.MS.qa.testcases.MyAccountPageTest"/>
  <testcase name="verifyLogoutLinkTest" time="19.507" classname="com.MS.qa.testcases.MyAccountPageTest"/>
  <testcase name="verifyOrderHistoryTest" time="16.404" classname="com.MS.qa.testcases.MyAccountPageTest"/>
  <testcase name="verifyAccountDetailsTest" time="14.599" classname="com.MS.qa.testcases.MyAccountPageTest"/>
  <testcase name="verifyContactsLinkTest" time="21.674" classname="com.MS.qa.testcases.MyAccountPageTest"/>
</testsuite> <!-- com.MS.qa.testcases.MyAccountPageTest -->
