<?xml version="1.0" encoding="UTF-8"?>
<!-- Generated by org.testng.reporters.JUnitReportReporter -->
<testsuite hostname="LTRSL-PC-14" failures="0" tests="1" name="com.MS.qa.testcases.CartClearTest" time="36.700" errors="0" timestamp="03 Jun 2019 06:14:34 GMT" skipped="0">
  <testcase classname="com.MS.qa.testcases.CartClearTest" name="CartClearTest" time="36.700"/>
</testsuite> <!-- com.MS.qa.testcases.CartClearTest -->
