<?xml version="1.0" encoding="UTF-8"?>
<!-- Generated by org.testng.reporters.JUnitReportReporter -->
<testsuite skipped="0" hostname="DESKTOP-A36DDBU" name="com.MS.qa.testcases.MyAccountPageTest" tests="6" failures="0" timestamp="25 May 2019 08:35:41 GMT" time="203.438" errors="0">
  <testcase name="verifyMyAccountPageTitletest" time="27.142" classname="com.MS.qa.testcases.MyAccountPageTest"/>
  <testcase name="validateFooterTest" time="62.185" classname="com.MS.qa.testcases.MyAccountPageTest"/>
  <testcase name="verifyLogoutLinkTest" time="16.981" classname="com.MS.qa.testcases.MyAccountPageTest"/>
  <testcase name="verifyOrderHistoryTest" time="21.962" classname="com.MS.qa.testcases.MyAccountPageTest"/>
  <testcase name="verifyAccountDetailsTest" time="32.686" classname="com.MS.qa.testcases.MyAccountPageTest"/>
  <testcase name="verifyContactsLinkTest" time="42.482" classname="com.MS.qa.testcases.MyAccountPageTest"/>
</testsuite> <!-- com.MS.qa.testcases.MyAccountPageTest -->
