<?xml version="1.0" encoding="UTF-8"?>
<!-- Generated by org.testng.reporters.JUnitReportReporter -->
<testsuite skipped="0" hostname="DESKTOP-VI69P7C" name="com.MS.qa.testcases.AboutTest" tests="2" failures="0" timestamp="26 May 2019 12:35:25 GMT" time="48.152" errors="0">
  <testcase name="validateAboutPageTitleTest" time="24.631" classname="com.MS.qa.testcases.AboutTest"/>
  <testcase name="validateAboutPageSectionTest" time="23.521" classname="com.MS.qa.testcases.AboutTest"/>
</testsuite> <!-- com.MS.qa.testcases.AboutTest -->
