<?xml version="1.0" encoding="UTF-8"?>
<!-- Generated by org.testng.reporters.JUnitReportReporter -->
<testsuite skipped="0" hostname="DESKTOP-VI69P7C" name="com.MS.qa.testcases.AboutTest" tests="2" failures="0" timestamp="27 May 2019 15:48:15 GMT" time="146.853" errors="0">
  <testcase name="validateAboutPageTitleTest" time="92.266" classname="com.MS.qa.testcases.AboutTest"/>
  <testcase name="validateAboutPageSectionTest" time="54.587" classname="com.MS.qa.testcases.AboutTest"/>
</testsuite> <!-- com.MS.qa.testcases.AboutTest -->
