<?xml version="1.0" encoding="UTF-8"?>
<!-- Generated by org.testng.reporters.JUnitReportReporter -->
<testsuite hostname="LTRSL-PC-14" failures="0" tests="1" name="com.MS.qa.testcases.CalculateQty" time="27.068" errors="0" timestamp="04 Jun 2019 05:32:22 GMT" skipped="0">
  <testcase classname="com.MS.qa.testcases.CalculateQty" name="CalculateQtyPerPrice" time="27.068"/>
</testsuite> <!-- com.MS.qa.testcases.CalculateQty -->
