<?xml version="1.0" encoding="UTF-8"?>
<!-- Generated by org.testng.reporters.JUnitReportReporter -->
<testsuite skipped="0" hostname="DESKTOP-A36DDBU" name="com.MS.qa.testcases.LoginTest" tests="8" failures="0" timestamp="25 May 2019 05:06:25 GMT" time="104.073" errors="0">
  <testcase name="loginPageTitleTest" time="9.971" classname="com.MS.qa.testcases.LoginTest"/>
  <testcase name="MSLogoTest" time="10.339" classname="com.MS.qa.testcases.LoginTest"/>
  <testcase name="validateMenuTest" time="9.406" classname="com.MS.qa.testcases.LoginTest"/>
  <testcase name="validateLogOutTest" time="11.190" classname="com.MS.qa.testcases.LoginTest"/>
  <testcase name="validateNewsLetterTest" time="12.654" classname="com.MS.qa.testcases.LoginTest"/>
  <testcase name="validatecustomerServicesTest" time="10.112" classname="com.MS.qa.testcases.LoginTest"/>
  <testcase name="validateInformationTest" time="11.174" classname="com.MS.qa.testcases.LoginTest"/>
  <testcase name="loginTest" time="29.227" classname="com.MS.qa.testcases.LoginTest"/>
</testsuite> <!-- com.MS.qa.testcases.LoginTest -->
