<?xml version="1.0" encoding="UTF-8"?>
<!-- Generated by org.testng.reporters.JUnitReportReporter -->
<testsuite hostname="LTRSL-PC-14" failures="0" tests="2" name="com.MS.qa.testcases.AddNewAddressTest" time="42.730" errors="0" timestamp="30 May 2019 08:22:08 GMT" skipped="0">
  <testcase classname="com.MS.qa.testcases.AddNewAddressTest" name="viewAddresspageTest" time="16.926"/>
  <testcase classname="com.MS.qa.testcases.AddNewAddressTest" name="verifyAddNewAddForm" time="25.804"/>
</testsuite> <!-- com.MS.qa.testcases.AddNewAddressTest -->
