<?xml version="1.0" encoding="UTF-8"?>
<!-- Generated by org.testng.reporters.JUnitReportReporter -->
<testsuite hostname="LTRSL-PC-14" failures="0" tests="1" name="com.MS.qa.testcases.HomePageTest" time="29.828" errors="0" timestamp="03 Jun 2019 05:36:24 GMT" skipped="0">
  <testcase classname="com.MS.qa.testcases.HomePageTest" name="validateHomePageTitleTest" time="29.828"/>
</testsuite> <!-- com.MS.qa.testcases.HomePageTest -->
