<?xml version="1.0" encoding="UTF-8"?>
<!-- Generated by org.testng.reporters.JUnitReportReporter -->
<testsuite skipped="0" hostname="DESKTOP-VI69P7C" name="com.MS.qa.testcases.AddNewAddressTest" tests="2" failures="0" timestamp="30 May 2019 16:02:18 GMT" time="55.312" errors="0">
  <testcase name="viewAddresspageTest" time="23.905" classname="com.MS.qa.testcases.AddNewAddressTest"/>
  <testcase name="verifyAddNewAddForm" time="31.407" classname="com.MS.qa.testcases.AddNewAddressTest"/>
</testsuite> <!-- com.MS.qa.testcases.AddNewAddressTest -->
