<?xml version="1.0" encoding="UTF-8"?>
<!-- Generated by org.testng.reporters.JUnitReportReporter -->
<testsuite skipped="0" hostname="DESKTOP-VI69P7C" name="com.MS.qa.testcases.ProductTest" tests="1" failures="0" timestamp="30 May 2019 16:15:21 GMT" time="90.217" errors="0">
  <testcase name="ProductpageTtitleTest" time="90.217" classname="com.MS.qa.testcases.ProductTest"/>
</testsuite> <!-- com.MS.qa.testcases.ProductTest -->
