<?xml version="1.0" encoding="UTF-8"?>
<!-- Generated by org.testng.reporters.JUnitReportReporter -->
<testsuite hostname="LTRSL-PC-14" failures="0" tests="1" name="com.MS.qa.testcases.ProductPageTest" time="30.187" errors="0" timestamp="29 May 2019 09:12:49 GMT" skipped="0">
  <testcase classname="com.MS.qa.testcases.ProductPageTest" name="clickOnShopNowBtn" time="30.187"/>
</testsuite> <!-- com.MS.qa.testcases.ProductPageTest -->
