<?xml version="1.0" encoding="UTF-8"?>
<!-- Generated by org.testng.reporters.JUnitReportReporter -->
<testsuite hostname="LTRSL-PC-14" failures="0" tests="12" name="com.MS.qa.testcases.CustomerServiceTest" time="222.902" errors="0" timestamp="31 May 2019 10:03:37 GMT" skipped="0">
  <testcase classname="com.MS.qa.testcases.CustomerServiceTest" name="ValidateTitle" time="15.725"/>
  <testcase classname="com.MS.qa.testcases.CustomerServiceTest" name="validatecustomerServiceHeader" time="16.193"/>
  <testcase classname="com.MS.qa.testcases.CustomerServiceTest" name="validateContactUs" time="16.885"/>
  <testcase classname="com.MS.qa.testcases.CustomerServiceTest" name="ValidateshippintTabTest" time="19.070"/>
  <testcase classname="com.MS.qa.testcases.CustomerServiceTest" name="validateInternationShippintTest" time="19.551"/>
  <testcase classname="com.MS.qa.testcases.CustomerServiceTest" name="validateReturnsTest" time="18.867"/>
  <testcase classname="com.MS.qa.testcases.CustomerServiceTest" name="validateWarrantyClaimsTest" time="17.646"/>
  <testcase classname="com.MS.qa.testcases.CustomerServiceTest" name="validateWarrantyRegistrationTest" time="18.489"/>
  <testcase classname="com.MS.qa.testcases.CustomerServiceTest" name="validateFaqTest" time="20.037"/>
  <testcase classname="com.MS.qa.testcases.CustomerServiceTest" name="validateMilitaryDiscountTest" time="19.182"/>
  <testcase classname="com.MS.qa.testcases.CustomerServiceTest" name="validateTermsOfUseTest" time="21.789"/>
  <testcase classname="com.MS.qa.testcases.CustomerServiceTest" name="validatePrivacyPolicyTest" time="19.468"/>
</testsuite> <!-- com.MS.qa.testcases.CustomerServiceTest -->
