<?xml version="1.0" encoding="UTF-8"?>
<!-- Generated by org.testng.reporters.JUnitReportReporter -->
<testsuite skipped="0" hostname="DESKTOP-VI69P7C" name="com.MS.qa.testcases.AboutTest" tests="2" failures="0" timestamp="27 May 2019 16:08:31 GMT" time="48.678" errors="0">
  <testcase name="validateAboutPageTitleTest" time="22.608" classname="com.MS.qa.testcases.AboutTest"/>
  <testcase name="validateAboutPageSectionTest" time="26.070" classname="com.MS.qa.testcases.AboutTest"/>
</testsuite> <!-- com.MS.qa.testcases.AboutTest -->
