<?xml version="1.0" encoding="UTF-8"?>
<!-- Generated by org.testng.reporters.JUnitReportReporter -->
<testsuite skipped="0" hostname="DESKTOP-VI69P7C" name="com.MS.qa.testcases.CartClearTest" tests="1" failures="0" timestamp="30 May 2019 16:10:44 GMT" time="73.279" errors="0">
  <testcase name="CartClearTest" time="73.279" classname="com.MS.qa.testcases.CartClearTest"/>
</testsuite> <!-- com.MS.qa.testcases.CartClearTest -->
