<?xml version="1.0" encoding="UTF-8"?>
<!-- Generated by org.testng.reporters.JUnitReportReporter -->
<testsuite skipped="0" hostname="DESKTOP-VI69P7C" name="com.MS.qa.testcases.Test" tests="1" failures="0" timestamp="30 May 2019 16:33:56 GMT" time="39.495" errors="0">
  <testcase name="test" time="39.495" classname="com.MS.qa.testcases.Test"/>
</testsuite> <!-- com.MS.qa.testcases.Test -->
