<?xml version="1.0" encoding="UTF-8"?>
<!-- Generated by org.testng.reporters.JUnitReportReporter -->
<testsuite skipped="0" hostname="DESKTOP-A36DDBU" name="com.MS.qa.testcases.HomePageTest" tests="1" failures="0" timestamp="25 May 2019 16:51:02 GMT" time="57.600" errors="0">
  <testcase name="validateHomePageTitleTest" time="57.600" classname="com.MS.qa.testcases.HomePageTest"/>
</testsuite> <!-- com.MS.qa.testcases.HomePageTest -->
