<?xml version="1.0" encoding="UTF-8"?>
<!-- Generated by org.testng.reporters.JUnitReportReporter -->
<testsuite hostname="LTRSL-PC-14" failures="0" tests="6" name="com.MS.qa.testcases.MyAccountPageTest" time="94.203" errors="0" timestamp="04 Jun 2019 05:09:42 GMT" skipped="0">
  <testcase classname="com.MS.qa.testcases.MyAccountPageTest" name="verifyMyAccountPageTitletest" time="17.042"/>
  <testcase classname="com.MS.qa.testcases.MyAccountPageTest" name="validateFooterTest" time="15.741"/>
  <testcase classname="com.MS.qa.testcases.MyAccountPageTest" name="verifyLogoutLinkTest" time="14.236"/>
  <testcase classname="com.MS.qa.testcases.MyAccountPageTest" name="verifyOrderHistoryTest" time="14.782"/>
  <testcase classname="com.MS.qa.testcases.MyAccountPageTest" name="verifyAccountDetailsTest" time="14.522"/>
  <testcase classname="com.MS.qa.testcases.MyAccountPageTest" name="verifyContactsLinkTest" time="17.880"/>
</testsuite> <!-- com.MS.qa.testcases.MyAccountPageTest -->
