<?xml version="1.0" encoding="UTF-8"?>
<!-- Generated by org.testng.reporters.JUnitReportReporter -->
<testsuite skipped="0" hostname="DESKTOP-VI69P7C" name="com.MS.qa.testcases.LoginTest" tests="8" failures="0" timestamp="27 May 2019 18:09:56 GMT" time="100.209" errors="0">
  <testcase name="loginPageTitleTest" time="11.527" classname="com.MS.qa.testcases.LoginTest"/>
  <testcase name="MSLogoTest" time="10.604" classname="com.MS.qa.testcases.LoginTest"/>
  <testcase name="validateMenuTest" time="10.608" classname="com.MS.qa.testcases.LoginTest"/>
  <testcase name="validateLogOutTest" time="10.272" classname="com.MS.qa.testcases.LoginTest"/>
  <testcase name="validateNewsLetterTest" time="19.071" classname="com.MS.qa.testcases.LoginTest"/>
  <testcase name="validatecustomerServicesTest" time="11.409" classname="com.MS.qa.testcases.LoginTest"/>
  <testcase name="validateInformationTest" time="12.052" classname="com.MS.qa.testcases.LoginTest"/>
  <testcase name="loginTest" time="14.666" classname="com.MS.qa.testcases.LoginTest"/>
</testsuite> <!-- com.MS.qa.testcases.LoginTest -->
